<?xml version="1.0" encoding="utf-8"?><testsuites name="pytest tests"><testsuite name="pytest" errors="0" failures="1" skipped="0" tests="5" time="1.340" timestamp="2026-09-10T20:52:13.926517+00:00" hostname="agent-env-1e2533c3-ce4e-4e0c-8ef8-3509d44aac6a"><testcase classname="tests.test_account_type_signup.TestAthleteSignup" name="test_athlete_signup_success_no_tenant" time="0.658"><failure message="AssertionError: Internal Server Error&#10;assert 500 == 200&#10; +  where 500 = &lt;Response [500]&gt;.status_code">backend/tests/test_account_type_signup.py:61: in test_athlete_signup_success_no_tenant
    assert r2.status_code == 200, r2.text
E   AssertionError: Internal Server Error
E   assert 500 == 200
E    +  where 500 = &lt;Response [500]&gt;.status_code</failure></testcase><testcase classname="tests.test_account_type_signup.TestAdminSignup" name="test_admin_signup_missing_org_400" time="0.146" /><testcase classname="tests.test_account_type_signup.TestAdminSignup" name="test_admin_signup_with_org_creates_trial_tenant" time="0.461" /><testcase classname="tests.test_account_type_signup.TestAdminSignup" name="test_default_account_type_backwards_compat" time="0.299" /><testcase classname="tests.test_account_type_signup.TestAdminSignup" name="test_default_no_org_still_400" time="0.091" /></testsuite></testsuites>