<?xml version="1.0" encoding="utf-8"?><testsuites name="pytest tests"><testsuite name="pytest" errors="0" failures="0" skipped="0" tests="7" time="3.622" timestamp="2026-09-08T12:16:05.145677+00:00" hostname="agent-env-1e2533c3-ce4e-4e0c-8ef8-3509d44aac6a"><testcase classname="tests.test_password_reset" name="test_forgot_password_existing_creates_token" time="0.493" /><testcase classname="tests.test_password_reset" name="test_forgot_password_nonexistent_no_token" time="0.131" /><testcase classname="tests.test_password_reset" name="test_reset_invalid_token" time="0.069" /><testcase classname="tests.test_password_reset" name="test_reset_short_password" time="0.115" /><testcase classname="tests.test_password_reset" name="test_full_happy_path" time="2.149" /><testcase classname="tests.test_password_reset" name="test_reset_used_token" time="0.078" /><testcase classname="tests.test_password_reset" name="test_reset_expired_token" time="0.449" /></testsuite></testsuites>