<?xml version="1.0" encoding="utf-8"?><testsuites name="pytest tests"><testsuite name="pytest" errors="0" failures="0" skipped="0" tests="21" time="11.485" timestamp="2026-09-08T11:53:10.048182+00:00" hostname="agent-env-1e2533c3-ce4e-4e0c-8ef8-3509d44aac6a"><testcase classname="tests.test_saas_multitenant.TestAuthSignup" name="test_signup_creates_user_and_trialing_tenant" time="0.912" /><testcase classname="tests.test_saas_multitenant.TestAuthSignup" name="test_signup_duplicate_email_400" time="0.415" /><testcase classname="tests.test_saas_multitenant.TestTenantIsolation" name="test_types_scoped_to_tenant" time="1.331" /><testcase classname="tests.test_saas_multitenant.TestAuthSignup" name="test_me_unauth_401" time="0.081" /><testcase classname="tests.test_saas_multitenant.TestTenantIsolation" name="test_authenticated_competitions_scoped" time="0.125" /><testcase classname="tests.test_saas_multitenant.TestTenantIsolation" name="test_public_marketplace_unauth_shows_all" time="0.272" /><testcase classname="tests.test_saas_multitenant.TestSuperAdmin" name="test_platform_tenants_as_super_admin" time="0.458" /><testcase classname="tests.test_saas_multitenant.TestTenantIsolation" name="test_put_other_tenant_comp_404" time="0.089" /><testcase classname="tests.test_saas_multitenant.TestTenantIsolation" name="test_delete_other_tenant_comp_404" time="0.093" /><testcase classname="tests.test_saas_multitenant.TestSuperAdmin" name="test_platform_stats_as_super_admin" time="0.084" /><testcase classname="tests.test_saas_multitenant.TestTenantIsolation" name="test_draw_other_tenant_comp_404" time="0.081" /><testcase classname="tests.test_saas_multitenant.TestSuperAdmin" name="test_platform_forbidden_for_regular" time="0.527" /><testcase classname="tests.test_saas_multitenant.TestTenantIsolation" name="test_bracket_other_tenant_comp_404" time="0.297" /><testcase classname="tests.test_saas_multitenant.TestTenantIsolation" name="test_admin_finance_scoped" time="0.107" /><testcase classname="tests.test_saas_multitenant.TestTenantIsolation" name="test_admin_users_scoped" time="0.086" /><testcase classname="tests.test_saas_multitenant.TestAuthLogin" name="test_owner_login_ok" time="1.111" /><testcase classname="tests.test_saas_multitenant.TestPlans" name="test_plans_lists_both" time="1.103" /><testcase classname="tests.test_saas_multitenant.TestAuthLogin" name="test_wrong_password_401" time="0.290" /><testcase classname="tests.test_saas_multitenant.TestSubscriptionCheckout" name="test_checkout_returns_url" time="3.862" /><testcase classname="tests.test_saas_multitenant.TestPlanLimits" name="test_sixth_competition_returns_402" time="7.003" /><testcase classname="tests.test_saas_multitenant.TestPublic" name="test_rankings" time="1.134" /></testsuite></testsuites>