<?xml version="1.0" encoding="utf-8"?><testsuites name="pytest tests"><testsuite name="pytest" errors="0" failures="0" skipped="0" tests="20" time="4.297" timestamp="2026-09-04T18:41:49.922421+00:00" hostname="agent-env-1e2533c3-ce4e-4e0c-8ef8-3509d44aac6a"><testcase classname="tests.backend_test.TestPublic" name="test_root" time="0.127" /><testcase classname="tests.backend_test.TestPublic" name="test_seed_defaults_idempotent" time="0.185" /><testcase classname="tests.backend_test.TestPublic" name="test_competition_types_has_5" time="0.108" /><testcase classname="tests.backend_test.TestPublic" name="test_list_competitions" time="0.079" /><testcase classname="tests.backend_test.TestAuth" name="test_session_invalid" time="0.257" /><testcase classname="tests.backend_test.TestAuth" name="test_me_no_auth" time="0.103" /><testcase classname="tests.backend_test.TestAuth" name="test_me_with_token" time="0.094" /><testcase classname="tests.backend_test.TestAuth" name="test_logout_deletes_session" time="0.157" /><testcase classname="tests.backend_test.TestRBAC" name="test_non_admin_forbidden_type" time="0.085" /><testcase classname="tests.backend_test.TestRBAC" name="test_non_admin_forbidden_competition" time="0.095" /><testcase classname="tests.backend_test.TestCompetitionsCRUD" name="test_get_competition_with_count" time="0.293" /><testcase classname="tests.backend_test.TestCompetitionsCRUD" name="test_get_competition_404" time="0.091" /><testcase classname="tests.backend_test.TestRegistrationsFree" name="test_register_free" time="0.435" /><testcase classname="tests.backend_test.TestRegistrationsFree" name="test_duplicate_registration" time="0.105" /><testcase classname="tests.backend_test.TestRegistrationsFree" name="test_my_registrations" time="0.102" /><testcase classname="tests.backend_test.TestRegistrationsPaid" name="test_register_paid_creates_checkout" time="1.122" /><testcase classname="tests.backend_test.TestDrawAndBracket" name="test_draw_requires_min_2" time="0.368" /><testcase classname="tests.backend_test.TestDrawAndBracket" name="test_draw_and_bracket" time="0.185" /><testcase classname="tests.backend_test.TestDrawAndBracket" name="test_update_match_score" time="0.112" /><testcase classname="tests.backend_test.TestCORS" name="test_preflight" time="0.068" /></testsuite></testsuites>