<?xml version="1.0" encoding="utf-8"?><testsuites name="pytest tests"><testsuite name="pytest" errors="0" failures="0" skipped="0" tests="7" time="3.092" timestamp="2026-09-10T13:03:23.960072+00:00" hostname="agent-env-1e2533c3-ce4e-4e0c-8ef8-3509d44aac6a"><testcase classname="tests.test_refund_fix.TestRegressionSmoke" name="test_login_owner_200" time="0.611" /><testcase classname="tests.test_refund_fix.TestRegressionSmoke" name="test_auth_me_200" time="0.553" /><testcase classname="tests.test_refund_fix.TestRegressionSmoke" name="test_plans_200" time="1.007" /><testcase classname="tests.test_refund_fix.TestRegressionSmoke" name="test_me_tenant_200" time="0.091" /><testcase classname="tests.test_refund_fix.TestAdminRefundFix" name="test_refund_paid_no_nameerror_returns_stripe_error" time="0.454" /><testcase classname="tests.test_refund_fix.TestAdminRefundFix" name="test_refund_pending_returns_400_clean" time="0.101" /><testcase classname="tests.test_refund_fix.TestAdminRefundFix" name="test_refund_missing_tx_returns_404" time="0.152" /></testsuite></testsuites>