<?xml version="1.0" encoding="utf-8"?><testsuites name="pytest tests"><testsuite name="pytest" errors="0" failures="0" skipped="0" tests="6" time="3.267" timestamp="2026-09-10T20:35:16.078587+00:00" hostname="agent-env-1e2533c3-ce4e-4e0c-8ef8-3509d44aac6a"><testcase classname="tests.test_retry_checkout" name="test_unauthenticated_returns_401" time="0.295" /><testcase classname="tests.test_retry_checkout" name="test_nonexistent_reg_returns_404" time="0.659" /><testcase classname="tests.test_retry_checkout" name="test_someone_elses_reg_returns_403" time="0.735" /><testcase classname="tests.test_retry_checkout" name="test_paid_reg_returns_400" time="0.040" /><testcase classname="tests.test_retry_checkout" name="test_free_comp_marks_free" time="0.043" /><testcase classname="tests.test_retry_checkout" name="test_pending_paid_reg_generates_stripe_session" time="0.836" /></testsuite></testsuites>