<?xml version="1.0" encoding="utf-8"?><testsuites name="pytest tests"><testsuite name="pytest" errors="0" failures="0" skipped="0" tests="9" time="12.968" timestamp="2026-09-08T15:02:09.311321+00:00" hostname="agent-env-1e2533c3-ce4e-4e0c-8ef8-3509d44aac6a"><testcase classname="tests.test_rotating_doubles" name="test_create_type_duplas_rotativas" time="0.494" /><testcase classname="tests.test_rotating_doubles" name="test_create_type_invalid_format" time="0.090" /><testcase classname="tests.test_rotating_doubles" name="test_create_competition_and_type_format" time="0.166" /><testcase classname="tests.test_rotating_doubles" name="test_draw_groups_fewer_than_4" time="0.239" /><testcase classname="tests.test_rotating_doubles" name="test_draw_groups_non_multiple_of_4" time="0.178" /><testcase classname="tests.test_rotating_doubles" name="test_full_flow_8_players" time="1.946" /><testcase classname="tests.test_rotating_doubles" name="test_tenant_isolation" time="0.459" /><testcase classname="tests.test_rotating_doubles" name="test_legacy_format_rejects_rotating_endpoint" time="0.338" /><testcase classname="tests.test_rotating_doubles" name="test_legacy_duplas_draw_still_works" time="8.922" /></testsuite></testsuites>