<?xml version="1.0" encoding="utf-8"?><testsuites name="pytest tests"><testsuite name="pytest" errors="0" failures="0" skipped="0" tests="7" time="3.595" timestamp="2026-09-08T15:18:16.514647+00:00" hostname="agent-env-1e2533c3-ce4e-4e0c-8ef8-3509d44aac6a"><testcase classname="tests.test_rotating_retire" name="test_tied_score_no_winner_stays_null" time="1.254" /><testcase classname="tests.test_rotating_retire" name="test_tied_score_with_override_winner_A" time="0.176" /><testcase classname="tests.test_rotating_retire" name="test_retire_player_success" time="0.206" /><testcase classname="tests.test_rotating_retire" name="test_retire_player_not_in_match" time="0.259" /><testcase classname="tests.test_rotating_retire" name="test_retire_cross_tenant_isolation" time="0.548" /><testcase classname="tests.test_rotating_retire" name="test_leaderboard_retired_flag_and_sort" time="0.758" /><testcase classname="tests.test_rotating_retire" name="test_next_ko_skips_retired_players" time="0.257" /></testsuite></testsuites>